<?xml version="1.0" encoding="UTF-8"?>
<!-- Generated by org.testng.reporters.JUnitReportReporter -->
<testsuite hostname="HYDHTC306231L" failures="0" tests="1" name="Push.Login" time="46.243" errors="0" timestamp="2022-10-19T10:02:09 EDT" skipped="0">
  <testcase classname="Push.Login" name="Sanity" time="46.243"/>
  <system-out/>
</testsuite> <!-- Push.Login -->
